[9936:19608:0706/134957.401:WARNING:chrome_main_delegate.cc(745)] This is Chrome version 128.0.6613.138 (not a warning)
[9936:19608:0706/134957.461:WARNING:account_consistency_mode_manager.cc(77)] Desktop Identity Consistency cannot be enabled as no OAuth client ID and client secret have been configured.
[9936:1540:0706/134959.865:WARNING:leveldb_database.cc(141)] Unable to open C:\Users\Lisa\OneDrive\Desktop\PlaygroundVR\VRExam_Playground\Saved\webcache_6613\Default\shared_proto_db\metadata: IO error: C:\Users\Lisa\OneDrive\Desktop\PlaygroundVR\VRExam_Playground\Saved\webcache_6613\Default\shared_proto_db\metadata/MANIFEST-000001: Unable to create sequential file (ChromeMethodBFE: 7::NewSequentialFile::1)
[9936:1540:0706/134959.870:WARNING:leveldb_database.cc(141)] Unable to open C:\Users\Lisa\OneDrive\Desktop\PlaygroundVR\VRExam_Playground\Saved\webcache_6613\Default\shared_proto_db\metadata: IO error: C:\Users\Lisa\OneDrive\Desktop\PlaygroundVR\VRExam_Playground\Saved\webcache_6613\Default\shared_proto_db\metadata/MANIFEST-000001: Unable to create sequential file (ChromeMethodBFE: 7::NewSequentialFile::1)
[9936:1540:0706/134959.874:WARNING:leveldb_database.cc(141)] Unable to open C:\Users\Lisa\OneDrive\Desktop\PlaygroundVR\VRExam_Playground\Saved\webcache_6613\Default\shared_proto_db\metadata: IO error: C:\Users\Lisa\OneDrive\Desktop\PlaygroundVR\VRExam_Playground\Saved\webcache_6613\Default\shared_proto_db\metadata/MANIFEST-000001: Unable to create sequential file (ChromeMethodBFE: 7::NewSequentialFile::1)
[9936:1540:0706/134959.878:WARNING:leveldb_database.cc(141)] Unable to open C:\Users\Lisa\OneDrive\Desktop\PlaygroundVR\VRExam_Playground\Saved\webcache_6613\Default\shared_proto_db\metadata: IO error: C:\Users\Lisa\OneDrive\Desktop\PlaygroundVR\VRExam_Playground\Saved\webcache_6613\Default\shared_proto_db\metadata/MANIFEST-000001: Unable to create sequential file (ChromeMethodBFE: 7::NewSequentialFile::1)
[9936:16832:0706/135000.776:WARNING:value_store_frontend.cc(47)] Reading ahfgeienlihckogmohjhadlkjgocpleb.alarms from  failed: IO error: .../MANIFEST-000001: Unable to create sequential file (ChromeMethodBFE: 7::NewSequentialFile::1)
[9936:16832:0706/135000.780:WARNING:value_store_frontend.cc(47)] Reading mhjfbmdgcfjbbpaeojofohoefgiehjai.alarms from  failed: IO error: .../MANIFEST-000001: Unable to create sequential file (ChromeMethodBFE: 7::NewSequentialFile::1)
[19564:10632:0706/135001.195:WARNING:frame_impl.cc(430)] virtual CefFrameImpl::SendProcessMessage sent to detached frame 5-8A43F28B91F77FC977A7C65571CD1970 will be ignored
[9936:19608:0706/135149.889:ERROR:device_event_log_impl.cc(196)] [13:51:49.688] USB: usb_service_win.cc:105 SetupDiGetDeviceProperty({{A45C254E-DF1C-4EFD-8020-67D146A850E0}, 6}) failed: Impossibile trovare elemento. (0x490)
[9936:19608:0706/135829.187:ERROR:device_event_log_impl.cc(196)] [13:58:29.041] USB: usb_service_win.cc:105 SetupDiGetDeviceProperty({{A45C254E-DF1C-4EFD-8020-67D146A850E0}, 6}) failed: Impossibile trovare elemento. (0x490)
[9936:19608:0706/140219.012:ERROR:device_event_log_impl.cc(196)] [14:02:18.806] USB: usb_service_win.cc:105 SetupDiGetDeviceProperty({{A45C254E-DF1C-4EFD-8020-67D146A850E0}, 6}) failed: Impossibile trovare elemento. (0x490)
[9936:19608:0706/140451.063:ERROR:device_event_log_impl.cc(196)] [14:04:51.061] USB: usb_service_win.cc:105 SetupDiGetDeviceProperty({{A45C254E-DF1C-4EFD-8020-67D146A850E0}, 6}) failed: Impossibile trovare elemento. (0x490)
[9936:19608:0706/140517.990:ERROR:device_event_log_impl.cc(196)] [14:05:17.975] USB: usb_service_win.cc:105 SetupDiGetDeviceProperty({{A45C254E-DF1C-4EFD-8020-67D146A850E0}, 6}) failed: Impossibile trovare elemento. (0x490)
[9936:19608:0706/140915.741:ERROR:usb_descriptors.cc(166)] Device descriptor parsing error.
[9936:19608:0706/140915.741:ERROR:device_event_log_impl.cc(196)] [14:09:15.741] USB: usb_device_win.cc:95 Failed to read descriptors from \\?\usb#vid_046d&pid_c077#6&96b9906&0&4#{a5dcbf10-6530-11d2-901f-00c04fb951ed}.
[9936:19608:0706/141630.466:ERROR:device_event_log_impl.cc(196)] [14:16:30.385] USB: usb_service_win.cc:105 SetupDiGetDeviceProperty({{A45C254E-DF1C-4EFD-8020-67D146A850E0}, 6}) failed: Impossibile trovare elemento. (0x490)
[9936:19608:0706/142023.661:ERROR:device_event_log_impl.cc(196)] [14:20:23.610] USB: usb_service_win.cc:105 SetupDiGetDeviceProperty({{A45C254E-DF1C-4EFD-8020-67D146A850E0}, 6}) failed: Impossibile trovare elemento. (0x490)
[9936:19608:0706/142026.991:ERROR:device_event_log_impl.cc(196)] [14:20:26.970] USB: usb_service_win.cc:105 SetupDiGetDeviceProperty({{A45C254E-DF1C-4EFD-8020-67D146A850E0}, 6}) failed: Impossibile trovare elemento. (0x490)
[9936:19608:0706/144651.490:ERROR:device_event_log_impl.cc(196)] [14:46:51.400] USB: usb_service_win.cc:105 SetupDiGetDeviceProperty({{A45C254E-DF1C-4EFD-8020-67D146A850E0}, 6}) failed: Impossibile trovare elemento. (0x490)
[9936:19608:0706/145104.382:ERROR:device_event_log_impl.cc(196)] [14:51:04.291] USB: usb_service_win.cc:105 SetupDiGetDeviceProperty({{A45C254E-DF1C-4EFD-8020-67D146A850E0}, 6}) failed: Impossibile trovare elemento. (0x490)
[9936:19608:0706/145649.458:ERROR:device_event_log_impl.cc(196)] [14:56:49.411] USB: usb_service_win.cc:105 SetupDiGetDeviceProperty({{A45C254E-DF1C-4EFD-8020-67D146A850E0}, 6}) failed: Impossibile trovare elemento. (0x490)
[9936:19608:0706/150720.594:ERROR:device_event_log_impl.cc(196)] [15:07:20.565] USB: usb_service_win.cc:105 SetupDiGetDeviceProperty({{A45C254E-DF1C-4EFD-8020-67D146A850E0}, 6}) failed: Impossibile trovare elemento. (0x490)
[9936:19608:0706/150823.607:ERROR:device_event_log_impl.cc(196)] [15:08:23.515] USB: usb_service_win.cc:105 SetupDiGetDeviceProperty({{A45C254E-DF1C-4EFD-8020-67D146A850E0}, 6}) failed: Impossibile trovare elemento. (0x490)
[9936:19608:0706/151020.636:ERROR:device_event_log_impl.cc(196)] [15:10:20.496] USB: usb_service_win.cc:105 SetupDiGetDeviceProperty({{A45C254E-DF1C-4EFD-8020-67D146A850E0}, 6}) failed: Impossibile trovare elemento. (0x490)
[9936:19608:0706/151532.824:ERROR:device_event_log_impl.cc(196)] [15:15:32.768] USB: usb_service_win.cc:105 SetupDiGetDeviceProperty({{A45C254E-DF1C-4EFD-8020-67D146A850E0}, 6}) failed: Impossibile trovare elemento. (0x490)
[9936:19608:0706/151535.841:ERROR:device_event_log_impl.cc(196)] [15:15:35.710] USB: usb_service_win.cc:105 SetupDiGetDeviceProperty({{A45C254E-DF1C-4EFD-8020-67D146A850E0}, 6}) failed: Impossibile trovare elemento. (0x490)
[9936:19608:0706/152022.703:ERROR:device_event_log_impl.cc(196)] [15:20:22.453] USB: usb_service_win.cc:105 SetupDiGetDeviceProperty({{A45C254E-DF1C-4EFD-8020-67D146A850E0}, 6}) failed: Impossibile trovare elemento. (0x490)
[9936:19608:0706/152424.359:WARNING:pref_notifier_impl.cc(41)] Pref observer for media_router.cast_allow_all_ips found at shutdown.
