[15432:6696:0706/170223.244:WARNING:chrome_main_delegate.cc(745)] This is Chrome version 128.0.6613.138 (not a warning)
[15432:6696:0706/170223.320:WARNING:account_consistency_mode_manager.cc(77)] Desktop Identity Consistency cannot be enabled as no OAuth client ID and client secret have been configured.
[15432:18032:0706/170225.858:WARNING:leveldb_database.cc(141)] Unable to open C:\Users\Lisa\OneDrive\Desktop\PlaygroundVR\VRExam_Playground\Saved\webcache_6613\Default\shared_proto_db\metadata: IO error: C:\Users\Lisa\OneDrive\Desktop\PlaygroundVR\VRExam_Playground\Saved\webcache_6613\Default\shared_proto_db\metadata/MANIFEST-000001: Unable to create sequential file (ChromeMethodBFE: 7::NewSequentialFile::1)
[15432:18032:0706/170225.864:WARNING:leveldb_database.cc(141)] Unable to open C:\Users\Lisa\OneDrive\Desktop\PlaygroundVR\VRExam_Playground\Saved\webcache_6613\Default\shared_proto_db\metadata: IO error: C:\Users\Lisa\OneDrive\Desktop\PlaygroundVR\VRExam_Playground\Saved\webcache_6613\Default\shared_proto_db\metadata/MANIFEST-000001: Unable to create sequential file (ChromeMethodBFE: 7::NewSequentialFile::1)
[15432:18032:0706/170225.869:WARNING:leveldb_database.cc(141)] Unable to open C:\Users\Lisa\OneDrive\Desktop\PlaygroundVR\VRExam_Playground\Saved\webcache_6613\Default\shared_proto_db\metadata: IO error: C:\Users\Lisa\OneDrive\Desktop\PlaygroundVR\VRExam_Playground\Saved\webcache_6613\Default\shared_proto_db\metadata/MANIFEST-000001: Unable to create sequential file (ChromeMethodBFE: 7::NewSequentialFile::1)
[15432:18032:0706/170225.874:WARNING:leveldb_database.cc(141)] Unable to open C:\Users\Lisa\OneDrive\Desktop\PlaygroundVR\VRExam_Playground\Saved\webcache_6613\Default\shared_proto_db\metadata: IO error: C:\Users\Lisa\OneDrive\Desktop\PlaygroundVR\VRExam_Playground\Saved\webcache_6613\Default\shared_proto_db\metadata/MANIFEST-000001: Unable to create sequential file (ChromeMethodBFE: 7::NewSequentialFile::1)
[15432:13380:0706/170227.002:WARNING:value_store_frontend.cc(47)] Reading ahfgeienlihckogmohjhadlkjgocpleb.alarms from  failed: IO error: .../MANIFEST-000001: Unable to create sequential file (ChromeMethodBFE: 7::NewSequentialFile::1)
[15432:13380:0706/170227.004:WARNING:value_store_frontend.cc(47)] Reading mhjfbmdgcfjbbpaeojofohoefgiehjai.alarms from  failed: IO error: .../MANIFEST-000001: Unable to create sequential file (ChromeMethodBFE: 7::NewSequentialFile::1)
[9412:8788:0706/170228.279:WARNING:frame_impl.cc(430)] virtual CefFrameImpl::SendProcessMessage sent to detached frame 5-B99F681C3F364D03B52C94719EF2EFFF will be ignored
[15432:6696:0706/171236.074:ERROR:device_event_log_impl.cc(196)] [17:12:35.745] USB: usb_service_win.cc:105 SetupDiGetDeviceProperty({{A45C254E-DF1C-4EFD-8020-67D146A850E0}, 6}) failed: Impossibile trovare elemento. (0x490)
[15432:6696:0706/171327.087:ERROR:device_event_log_impl.cc(196)] [17:13:26.777] USB: usb_service_win.cc:105 SetupDiGetDeviceProperty({{A45C254E-DF1C-4EFD-8020-67D146A850E0}, 6}) failed: Impossibile trovare elemento. (0x490)
[15432:6696:0706/173228.570:ERROR:device_event_log_impl.cc(196)] [17:32:28.334] USB: usb_service_win.cc:105 SetupDiGetDeviceProperty({{A45C254E-DF1C-4EFD-8020-67D146A850E0}, 6}) failed: Impossibile trovare elemento. (0x490)
[15432:6696:0706/173919.664:ERROR:device_event_log_impl.cc(196)] [17:39:19.663] USB: usb_service_win.cc:105 SetupDiGetDeviceProperty({{A45C254E-DF1C-4EFD-8020-67D146A850E0}, 6}) failed: Impossibile trovare elemento. (0x490)
[15432:6696:0706/174726.444:ERROR:device_event_log_impl.cc(196)] [17:47:26.139] USB: usb_service_win.cc:105 SetupDiGetDeviceProperty({{A45C254E-DF1C-4EFD-8020-67D146A850E0}, 6}) failed: Impossibile trovare elemento. (0x490)
[15432:6696:0706/175257.152:ERROR:device_event_log_impl.cc(196)] [17:52:57.120] USB: usb_service_win.cc:105 SetupDiGetDeviceProperty({{A45C254E-DF1C-4EFD-8020-67D146A850E0}, 6}) failed: Impossibile trovare elemento. (0x490)
[15432:6696:0706/180518.154:ERROR:device_event_log_impl.cc(196)] [18:05:18.153] USB: usb_service_win.cc:105 SetupDiGetDeviceProperty({{A45C254E-DF1C-4EFD-8020-67D146A850E0}, 6}) failed: Impossibile trovare elemento. (0x490)
[15432:6696:0706/181355.854:ERROR:device_event_log_impl.cc(196)] [18:13:55.781] USB: usb_service_win.cc:105 SetupDiGetDeviceProperty({{A45C254E-DF1C-4EFD-8020-67D146A850E0}, 6}) failed: Impossibile trovare elemento. (0x490)
[15432:6696:0706/181628.886:ERROR:device_event_log_impl.cc(196)] [18:16:28.597] USB: usb_service_win.cc:105 SetupDiGetDeviceProperty({{A45C254E-DF1C-4EFD-8020-67D146A850E0}, 6}) failed: Impossibile trovare elemento. (0x490)
[15432:6696:0706/181939.925:ERROR:device_event_log_impl.cc(196)] [18:19:39.639] USB: usb_service_win.cc:105 SetupDiGetDeviceProperty({{A45C254E-DF1C-4EFD-8020-67D146A850E0}, 6}) failed: Impossibile trovare elemento. (0x490)
[15432:6696:0706/182157.963:ERROR:device_event_log_impl.cc(196)] [18:21:57.704] USB: usb_service_win.cc:105 SetupDiGetDeviceProperty({{A45C254E-DF1C-4EFD-8020-67D146A850E0}, 6}) failed: Impossibile trovare elemento. (0x490)
[15432:6696:0706/182409.988:ERROR:device_event_log_impl.cc(196)] [18:24:09.966] USB: usb_service_win.cc:105 SetupDiGetDeviceProperty({{A45C254E-DF1C-4EFD-8020-67D146A850E0}, 6}) failed: Impossibile trovare elemento. (0x490)
[15432:6696:0706/182609.681:ERROR:device_event_log_impl.cc(196)] [18:26:09.547] USB: usb_service_win.cc:105 SetupDiGetDeviceProperty({{A45C254E-DF1C-4EFD-8020-67D146A850E0}, 6}) failed: Impossibile trovare elemento. (0x490)
[15432:6696:0706/183006.059:ERROR:device_event_log_impl.cc(196)] [18:30:05.777] USB: usb_service_win.cc:105 SetupDiGetDeviceProperty({{A45C254E-DF1C-4EFD-8020-67D146A850E0}, 6}) failed: Impossibile trovare elemento. (0x490)
[15432:6696:0706/183607.476:ERROR:device_event_log_impl.cc(196)] [18:36:07.330] USB: usb_service_win.cc:105 SetupDiGetDeviceProperty({{A45C254E-DF1C-4EFD-8020-67D146A850E0}, 6}) failed: Impossibile trovare elemento. (0x490)
[15432:6696:0706/183909.848:ERROR:device_event_log_impl.cc(196)] [18:39:09.661] USB: usb_service_win.cc:105 SetupDiGetDeviceProperty({{A45C254E-DF1C-4EFD-8020-67D146A850E0}, 6}) failed: Impossibile trovare elemento. (0x490)
[15432:6696:0706/183937.521:ERROR:device_event_log_impl.cc(196)] [18:39:37.396] USB: usb_service_win.cc:105 SetupDiGetDeviceProperty({{A45C254E-DF1C-4EFD-8020-67D146A850E0}, 6}) failed: Impossibile trovare elemento. (0x490)
[15432:6696:0706/184218.550:ERROR:device_event_log_impl.cc(196)] [18:42:18.366] USB: usb_service_win.cc:105 SetupDiGetDeviceProperty({{A45C254E-DF1C-4EFD-8020-67D146A850E0}, 6}) failed: Impossibile trovare elemento. (0x490)
[15432:6696:0706/184712.617:ERROR:device_event_log_impl.cc(196)] [18:47:12.437] USB: usb_service_win.cc:105 SetupDiGetDeviceProperty({{A45C254E-DF1C-4EFD-8020-67D146A850E0}, 6}) failed: Impossibile trovare elemento. (0x490)
[15432:6696:0706/184810.961:ERROR:device_event_log_impl.cc(196)] [18:48:10.631] USB: usb_service_win.cc:105 SetupDiGetDeviceProperty({{A45C254E-DF1C-4EFD-8020-67D146A850E0}, 6}) failed: Impossibile trovare elemento. (0x490)
[15432:6696:0706/185052.993:ERROR:device_event_log_impl.cc(196)] [18:50:52.833] USB: usb_service_win.cc:105 SetupDiGetDeviceProperty({{A45C254E-DF1C-4EFD-8020-67D146A850E0}, 6}) failed: Impossibile trovare elemento. (0x490)
[15432:6696:0706/190221.471:ERROR:device_event_log_impl.cc(196)] [19:02:21.452] USB: usb_service_win.cc:105 SetupDiGetDeviceProperty({{A45C254E-DF1C-4EFD-8020-67D146A850E0}, 6}) failed: Impossibile trovare elemento. (0x490)
[15432:6696:0706/190918.560:ERROR:device_event_log_impl.cc(196)] [19:09:18.241] USB: usb_service_win.cc:105 SetupDiGetDeviceProperty({{A45C254E-DF1C-4EFD-8020-67D146A850E0}, 6}) failed: Impossibile trovare elemento. (0x490)
[15432:6696:0706/191856.011:ERROR:device_event_log_impl.cc(196)] [19:18:55.806] USB: usb_service_win.cc:105 SetupDiGetDeviceProperty({{A45C254E-DF1C-4EFD-8020-67D146A850E0}, 6}) failed: Impossibile trovare elemento. (0x490)
[15432:6696:0706/192027.697:ERROR:device_event_log_impl.cc(196)] [19:20:27.401] USB: usb_service_win.cc:105 SetupDiGetDeviceProperty({{A45C254E-DF1C-4EFD-8020-67D146A850E0}, 6}) failed: Impossibile trovare elemento. (0x490)
[15432:6696:0706/192055.037:ERROR:device_event_log_impl.cc(196)] [19:20:55.010] USB: usb_service_win.cc:105 SetupDiGetDeviceProperty({{A45C254E-DF1C-4EFD-8020-67D146A850E0}, 6}) failed: Impossibile trovare elemento. (0x490)
[15432:6696:0706/192159.045:ERROR:device_event_log_impl.cc(196)] [19:21:58.737] USB: usb_service_win.cc:105 SetupDiGetDeviceProperty({{A45C254E-DF1C-4EFD-8020-67D146A850E0}, 6}) failed: Impossibile trovare elemento. (0x490)
[15432:6696:0706/192202.714:ERROR:device_event_log_impl.cc(196)] [19:22:02.702] USB: usb_service_win.cc:105 SetupDiGetDeviceProperty({{A45C254E-DF1C-4EFD-8020-67D146A850E0}, 6}) failed: Impossibile trovare elemento. (0x490)
[15432:6696:0706/192530.752:ERROR:device_event_log_impl.cc(196)] [19:25:30.428] USB: usb_service_win.cc:105 SetupDiGetDeviceProperty({{A45C254E-DF1C-4EFD-8020-67D146A850E0}, 6}) failed: Impossibile trovare elemento. (0x490)
[15432:6696:0706/193617.225:ERROR:device_event_log_impl.cc(196)] [19:36:17.091] USB: usb_service_win.cc:105 SetupDiGetDeviceProperty({{A45C254E-DF1C-4EFD-8020-67D146A850E0}, 6}) failed: Impossibile trovare elemento. (0x490)
[15432:6696:0706/193736.577:ERROR:device_event_log_impl.cc(196)] [19:37:36.353] USB: usb_service_win.cc:105 SetupDiGetDeviceProperty({{A45C254E-DF1C-4EFD-8020-67D146A850E0}, 6}) failed: Impossibile trovare elemento. (0x490)
[15432:6696:0706/194008.282:ERROR:device_event_log_impl.cc(196)] [19:40:07.982] USB: usb_service_win.cc:105 SetupDiGetDeviceProperty({{A45C254E-DF1C-4EFD-8020-67D146A850E0}, 6}) failed: Impossibile trovare elemento. (0x490)
[15432:6696:0706/194146.971:ERROR:device_event_log_impl.cc(196)] [19:41:46.894] USB: usb_service_win.cc:105 SetupDiGetDeviceProperty({{A45C254E-DF1C-4EFD-8020-67D146A850E0}, 6}) failed: Impossibile trovare elemento. (0x490)
[15432:6696:0706/195241.455:ERROR:device_event_log_impl.cc(196)] [19:52:41.404] USB: usb_service_win.cc:105 SetupDiGetDeviceProperty({{A45C254E-DF1C-4EFD-8020-67D146A850E0}, 6}) failed: Impossibile trovare elemento. (0x490)
[15432:6696:0706/195309.792:ERROR:device_event_log_impl.cc(196)] [19:53:09.579] USB: usb_service_win.cc:105 SetupDiGetDeviceProperty({{A45C254E-DF1C-4EFD-8020-67D146A850E0}, 6}) failed: Impossibile trovare elemento. (0x490)
[15432:6696:0706/195352.803:ERROR:device_event_log_impl.cc(196)] [19:53:52.618] USB: usb_service_win.cc:105 SetupDiGetDeviceProperty({{A45C254E-DF1C-4EFD-8020-67D146A850E0}, 6}) failed: Impossibile trovare elemento. (0x490)
[15432:6696:0706/201109.712:ERROR:device_event_log_impl.cc(196)] [20:11:09.609] USB: usb_service_win.cc:105 SetupDiGetDeviceProperty({{A45C254E-DF1C-4EFD-8020-67D146A850E0}, 6}) failed: Impossibile trovare elemento. (0x490)
[15432:6696:0706/201251.739:ERROR:device_event_log_impl.cc(196)] [20:12:51.521] USB: usb_service_win.cc:105 SetupDiGetDeviceProperty({{A45C254E-DF1C-4EFD-8020-67D146A850E0}, 6}) failed: Impossibile trovare elemento. (0x490)
[15432:6696:0706/201624.798:ERROR:device_event_log_impl.cc(196)] [20:16:24.641] USB: usb_service_win.cc:105 SetupDiGetDeviceProperty({{A45C254E-DF1C-4EFD-8020-67D146A850E0}, 6}) failed: Impossibile trovare elemento. (0x490)
[15432:6696:0706/202158.215:ERROR:device_event_log_impl.cc(196)] [20:21:58.025] USB: usb_service_win.cc:105 SetupDiGetDeviceProperty({{A45C254E-DF1C-4EFD-8020-67D146A850E0}, 6}) failed: Impossibile trovare elemento. (0x490)
[15432:6696:0706/202359.918:ERROR:device_event_log_impl.cc(196)] [20:23:59.904] USB: usb_service_win.cc:105 SetupDiGetDeviceProperty({{A45C254E-DF1C-4EFD-8020-67D146A850E0}, 6}) failed: Impossibile trovare elemento. (0x490)
[15432:6696:0706/202502.936:ERROR:device_event_log_impl.cc(196)] [20:25:02.678] USB: usb_service_win.cc:105 SetupDiGetDeviceProperty({{A45C254E-DF1C-4EFD-8020-67D146A850E0}, 6}) failed: Impossibile trovare elemento. (0x490)
[15432:6696:0706/202605.615:ERROR:device_event_log_impl.cc(196)] [20:26:05.467] USB: usb_service_win.cc:105 SetupDiGetDeviceProperty({{A45C254E-DF1C-4EFD-8020-67D146A850E0}, 6}) failed: Impossibile trovare elemento. (0x490)
[15432:6696:0706/202815.648:ERROR:device_event_log_impl.cc(196)] [20:28:15.324] USB: usb_service_win.cc:105 SetupDiGetDeviceProperty({{A45C254E-DF1C-4EFD-8020-67D146A850E0}, 6}) failed: Impossibile trovare elemento. (0x490)
[15432:6696:0706/202846.320:ERROR:device_event_log_impl.cc(196)] [20:28:46.260] USB: usb_service_win.cc:105 SetupDiGetDeviceProperty({{A45C254E-DF1C-4EFD-8020-67D146A850E0}, 6}) failed: Impossibile trovare elemento. (0x490)
[15432:6696:0706/203025.678:ERROR:device_event_log_impl.cc(196)] [20:30:25.523] USB: usb_service_win.cc:105 SetupDiGetDeviceProperty({{A45C254E-DF1C-4EFD-8020-67D146A850E0}, 6}) failed: Impossibile trovare elemento. (0x490)
[15432:6696:0706/203052.350:ERROR:device_event_log_impl.cc(196)] [20:30:52.307] USB: usb_service_win.cc:105 SetupDiGetDeviceProperty({{A45C254E-DF1C-4EFD-8020-67D146A850E0}, 6}) failed: Impossibile trovare elemento. (0x490)
[15432:6696:0706/203433.394:ERROR:device_event_log_impl.cc(196)] [20:34:33.133] USB: usb_service_win.cc:105 SetupDiGetDeviceProperty({{A45C254E-DF1C-4EFD-8020-67D146A850E0}, 6}) failed: Impossibile trovare elemento. (0x490)
[15432:6696:0706/204352.508:ERROR:device_event_log_impl.cc(196)] [20:43:52.232] USB: usb_service_win.cc:105 SetupDiGetDeviceProperty({{A45C254E-DF1C-4EFD-8020-67D146A850E0}, 6}) failed: Impossibile trovare elemento. (0x490)
[15432:6696:0706/204644.553:ERROR:device_event_log_impl.cc(196)] [20:46:44.235] USB: usb_service_win.cc:105 SetupDiGetDeviceProperty({{A45C254E-DF1C-4EFD-8020-67D146A850E0}, 6}) failed: Impossibile trovare elemento. (0x490)
[15432:6696:0706/204726.226:ERROR:device_event_log_impl.cc(196)] [20:47:26.076] USB: usb_service_win.cc:105 SetupDiGetDeviceProperty({{A45C254E-DF1C-4EFD-8020-67D146A850E0}, 6}) failed: Impossibile trovare elemento. (0x490)
[15432:6696:0706/205101.950:ERROR:device_event_log_impl.cc(196)] [20:51:01.628] USB: usb_service_win.cc:105 SetupDiGetDeviceProperty({{A45C254E-DF1C-4EFD-8020-67D146A850E0}, 6}) failed: Impossibile trovare elemento. (0x490)
[15432:6696:0706/205604.692:ERROR:device_event_log_impl.cc(196)] [20:56:04.428] USB: usb_service_win.cc:105 SetupDiGetDeviceProperty({{A45C254E-DF1C-4EFD-8020-67D146A850E0}, 6}) failed: Impossibile trovare elemento. (0x490)
[15432:6696:0706/210235.273:ERROR:device_event_log_impl.cc(196)] [21:02:32.361] USB: usb_service_win.cc:105 SetupDiGetDeviceProperty({{A45C254E-DF1C-4EFD-8020-67D146A850E0}, 6}) failed: Impossibile trovare elemento. (0x490)
[15432:6696:0706/210235.635:ERROR:device_event_log_impl.cc(196)] [21:02:35.357] USB: usb_service_win.cc:105 SetupDiGetDeviceProperty({{A45C254E-DF1C-4EFD-8020-67D146A850E0}, 6}) failed: Impossibile trovare elemento. (0x490)
[15432:6696:0706/210735.685:WARNING:pref_notifier_impl.cc(41)] Pref observer for media_router.cast_allow_all_ips found at shutdown.
